<?xml version="1.0" encoding="UTF-8"?>
<!-- Generated by org.testng.reporters.JUnitReportReporter -->
<testsuite name="com.placepass.marriottMoments.tests.TestClass1" tests="1" time="18.337" ignored="8" failures="0" timestamp="07 Aug 2018 18:39:28 GMT" skipped="0" hostname="LAPTOP-Q794HR9O" errors="0">
  <testcase name="tc1_verifyDestinationPageNavigation" time="18.337" classname="com.placepass.marriottMoments.tests.TestClass1"/>
  <testcase name="tc0_verifyAllLinks" classname="com.placepass.marriottMoments.tests.TestClass1">
    <skipped/>
  </testcase> <!-- tc0_verifyAllLinks -->
  <testcase name="tc2_verifyDestinationSearch" classname="com.placepass.marriottMoments.tests.TestClass1">
    <skipped/>
  </testcase> <!-- tc2_verifyDestinationSearch -->
  <testcase name="tc3_verifyDestinationSearch" classname="com.placepass.marriottMoments.tests.TestClass1">
    <skipped/>
  </testcase> <!-- tc3_verifyDestinationSearch -->
  <testcase name="tc6_BookCalenderShouldApper" classname="com.placepass.marriottMoments.tests.TestClass1">
    <skipped/>
  </testcase> <!-- tc6_BookCalenderShouldApper -->
  <testcase name="tc7_BookWith1Guest" classname="com.placepass.marriottMoments.tests.TestClass1">
    <skipped/>
  </testcase> <!-- tc7_BookWith1Guest -->
  <testcase name="tc7_BookWithOutPayentInfo" classname="com.placepass.marriottMoments.tests.TestClass1">
    <skipped/>
  </testcase> <!-- tc7_BookWithOutPayentInfo -->
  <testcase name="tc5_maxPriceValidation" classname="com.placepass.marriottMoments.tests.TestClass1">
    <skipped/>
  </testcase> <!-- tc5_maxPriceValidation -->
  <testcase name="tc4_verifyAavilabityDates" classname="com.placepass.marriottMoments.tests.TestClass1">
    <skipped/>
  </testcase> <!-- tc4_verifyAavilabityDates -->
</testsuite> <!-- com.placepass.marriottMoments.tests.TestClass1 -->
